{"/Users/karenhakobyan/Desktop/meet/src/App.js": {"path":"/Users/karenhakobyan/Desktop/meet/src/App.js","statementMap":{"0":{"start":{"line":9,"column":12},"end":{"line":35,"column":1}},"1":{"start":{"line":10,"column":30},"end":{"line":10,"column":42}},"2":{"start":{"line":11,"column":38},"end":{"line":11,"column":50}},"3":{"start":{"line":12,"column":42},"end":{"line":12,"column":54}},"4":{"start":{"line":13,"column":40},"end":{"line":13,"column":66}},"5":{"start":{"line":15,"column":2},"end":{"line":17,"column":20}},"6":{"start":{"line":16,"column":4},"end":{"line":16,"column":16}},"7":{"start":{"line":19,"column":20},"end":{"line":26,"column":3}},"8":{"start":{"line":20,"column":22},"end":{"line":20,"column":39}},"9":{"start":{"line":21,"column":27},"end":{"line":23,"column":63}},"10":{"start":{"line":23,"column":32},"end":{"line":23,"column":62}},"11":{"start":{"line":24,"column":4},"end":{"line":24,"column":51}},"12":{"start":{"line":25,"column":4},"end":{"line":25,"column":49}},"13":{"start":{"line":28,"column":2},"end":{"line":34,"column":4}}},"fnMap":{"0":{"name":"(anonymous_0)","decl":{"start":{"line":9,"column":12},"end":{"line":9,"column":13}},"loc":{"start":{"line":9,"column":18},"end":{"line":35,"column":1}},"line":9},"1":{"name":"(anonymous_1)","decl":{"start":{"line":15,"column":12},"end":{"line":15,"column":13}},"loc":{"start":{"line":15,"column":18},"end":{"line":17,"column":3}},"line":15},"2":{"name":"(anonymous_2)","decl":{"start":{"line":19,"column":20},"end":{"line":19,"column":21}},"loc":{"start":{"line":19,"column":32},"end":{"line":26,"column":3}},"line":19},"3":{"name":"(anonymous_3)","decl":{"start":{"line":23,"column":23},"end":{"line":23,"column":24}},"loc":{"start":{"line":23,"column":32},"end":{"line":23,"column":62}},"line":23}},"branchMap":{"0":{"loc":{"start":{"line":21,"column":27},"end":{"line":23,"column":63}},"type":"cond-expr","locations":[{"start":{"line":22,"column":6},"end":{"line":22,"column":15}},{"start":{"line":23,"column":6},"end":{"line":23,"column":63}}],"line":21}},"s":{"0":3,"1":13,"2":11,"3":11,"4":11,"5":11,"6":7,"7":11,"8":7,"9":7,"10":34,"11":7,"12":7,"13":11},"f":{"0":13,"1":7,"2":7,"3":34},"b":{"0":[6,1]},"_coverageSchema":"1a1c01bbd47fc00a2c39e90264f33305004495a9","hash":"b6919f3053ea7974821ec8885d2535ed0b4a6b6a"}
,"/Users/karenhakobyan/Desktop/meet/src/api.js": {"path":"/Users/karenhakobyan/Desktop/meet/src/api.js","statementMap":{"0":{"start":{"line":13,"column":32},"end":{"line":17,"column":1}},"1":{"start":{"line":14,"column":29},"end":{"line":14,"column":66}},"2":{"start":{"line":14,"column":51},"end":{"line":14,"column":65}},"3":{"start":{"line":15,"column":20},"end":{"line":15,"column":52}},"4":{"start":{"line":16,"column":2},"end":{"line":16,"column":19}},"5":{"start":{"line":23,"column":25},"end":{"line":39,"column":1}},"6":{"start":{"line":24,"column":2},"end":{"line":26,"column":3}},"7":{"start":{"line":25,"column":4},"end":{"line":25,"column":20}},"8":{"start":{"line":28,"column":16},"end":{"line":28,"column":38}},"9":{"start":{"line":30,"column":2},"end":{"line":38,"column":3}},"10":{"start":{"line":31,"column":4},"end":{"line":31,"column":18}},"11":{"start":{"line":32,"column":17},"end":{"line":32,"column":109}},"12":{"start":{"line":33,"column":21},"end":{"line":33,"column":37}},"13":{"start":{"line":34,"column":19},"end":{"line":34,"column":40}},"14":{"start":{"line":35,"column":4},"end":{"line":37,"column":23}},"15":{"start":{"line":36,"column":6},"end":{"line":36,"column":27}},"16":{"start":{"line":37,"column":11},"end":{"line":37,"column":23}},"17":{"start":{"line":41,"column":30},"end":{"line":62,"column":1}},"18":{"start":{"line":42,"column":22},"end":{"line":42,"column":58}},"19":{"start":{"line":43,"column":21},"end":{"line":43,"column":67}},"20":{"start":{"line":46,"column":2},"end":{"line":59,"column":3}},"21":{"start":{"line":47,"column":4},"end":{"line":47,"column":50}},"22":{"start":{"line":48,"column":25},"end":{"line":48,"column":68}},"23":{"start":{"line":49,"column":17},"end":{"line":49,"column":47}},"24":{"start":{"line":50,"column":4},"end":{"line":57,"column":5}},"25":{"start":{"line":51,"column":23},"end":{"line":53,"column":7}},"26":{"start":{"line":54,"column":21},"end":{"line":54,"column":42}},"27":{"start":{"line":55,"column":26},"end":{"line":55,"column":32}},"28":{"start":{"line":56,"column":6},"end":{"line":56,"column":46}},"29":{"start":{"line":58,"column":4},"end":{"line":58,"column":34}},"30":{"start":{"line":60,"column":2},"end":{"line":60,"column":21}},"31":{"start":{"line":64,"column":20},"end":{"line":77,"column":1}},"32":{"start":{"line":66,"column":2},"end":{"line":76,"column":3}},"33":{"start":{"line":67,"column":4},"end":{"line":71,"column":31}},"34":{"start":{"line":72,"column":4},"end":{"line":72,"column":45}},"35":{"start":{"line":74,"column":4},"end":{"line":74,"column":68}},"36":{"start":{"line":75,"column":4},"end":{"line":75,"column":45}},"37":{"start":{"line":79,"column":17},"end":{"line":88,"column":1}},"38":{"start":{"line":80,"column":21},"end":{"line":80,"column":45}},"39":{"start":{"line":81,"column":19},"end":{"line":83,"column":3}},"40":{"start":{"line":84,"column":27},"end":{"line":84,"column":48}},"41":{"start":{"line":85,"column":2},"end":{"line":85,"column":69}},"42":{"start":{"line":87,"column":2},"end":{"line":87,"column":22}}},"fnMap":{"0":{"name":"(anonymous_0)","decl":{"start":{"line":13,"column":32},"end":{"line":13,"column":33}},"loc":{"start":{"line":13,"column":44},"end":{"line":17,"column":1}},"line":13},"1":{"name":"(anonymous_1)","decl":{"start":{"line":14,"column":40},"end":{"line":14,"column":41}},"loc":{"start":{"line":14,"column":51},"end":{"line":14,"column":65}},"line":14},"2":{"name":"(anonymous_2)","decl":{"start":{"line":23,"column":25},"end":{"line":23,"column":26}},"loc":{"start":{"line":23,"column":37},"end":{"line":39,"column":1}},"line":23},"3":{"name":"(anonymous_3)","decl":{"start":{"line":41,"column":30},"end":{"line":41,"column":31}},"loc":{"start":{"line":41,"column":42},"end":{"line":62,"column":1}},"line":41},"4":{"name":"(anonymous_4)","decl":{"start":{"line":64,"column":20},"end":{"line":64,"column":21}},"loc":{"start":{"line":64,"column":26},"end":{"line":77,"column":1}},"line":64},"5":{"name":"(anonymous_5)","decl":{"start":{"line":79,"column":17},"end":{"line":79,"column":18}},"loc":{"start":{"line":79,"column":33},"end":{"line":88,"column":1}},"line":79}},"branchMap":{"0":{"loc":{"start":{"line":24,"column":2},"end":{"line":26,"column":3}},"type":"if","locations":[{"start":{"line":24,"column":2},"end":{"line":26,"column":3}},{"start":{},"end":{}}],"line":24},"1":{"loc":{"start":{"line":30,"column":2},"end":{"line":38,"column":3}},"type":"if","locations":[{"start":{"line":30,"column":2},"end":{"line":38,"column":3}},{"start":{},"end":{}}],"line":30},"2":{"loc":{"start":{"line":35,"column":4},"end":{"line":37,"column":23}},"type":"if","locations":[{"start":{"line":35,"column":4},"end":{"line":37,"column":23}},{"start":{"line":37,"column":11},"end":{"line":37,"column":23}}],"line":35},"3":{"loc":{"start":{"line":43,"column":21},"end":{"line":43,"column":67}},"type":"binary-expr","locations":[{"start":{"line":43,"column":21},"end":{"line":43,"column":32}},{"start":{"line":43,"column":37},"end":{"line":43,"column":66}}],"line":43},"4":{"loc":{"start":{"line":46,"column":2},"end":{"line":59,"column":3}},"type":"if","locations":[{"start":{"line":46,"column":2},"end":{"line":59,"column":3}},{"start":{},"end":{}}],"line":46},"5":{"loc":{"start":{"line":46,"column":6},"end":{"line":46,"column":38}},"type":"binary-expr","locations":[{"start":{"line":46,"column":6},"end":{"line":46,"column":18}},{"start":{"line":46,"column":22},"end":{"line":46,"column":38}}],"line":46},"6":{"loc":{"start":{"line":50,"column":4},"end":{"line":57,"column":5}},"type":"if","locations":[{"start":{"line":50,"column":4},"end":{"line":57,"column":5}},{"start":{},"end":{}}],"line":50},"7":{"loc":{"start":{"line":58,"column":11},"end":{"line":58,"column":33}},"type":"binary-expr","locations":[{"start":{"line":58,"column":11},"end":{"line":58,"column":15}},{"start":{"line":58,"column":19},"end":{"line":58,"column":33}}],"line":58},"8":{"loc":{"start":{"line":66,"column":2},"end":{"line":76,"column":3}},"type":"if","locations":[{"start":{"line":66,"column":2},"end":{"line":76,"column":3}},{"start":{"line":73,"column":9},"end":{"line":76,"column":3}}],"line":66},"9":{"loc":{"start":{"line":66,"column":6},"end":{"line":66,"column":58}},"type":"binary-expr","locations":[{"start":{"line":66,"column":6},"end":{"line":66,"column":30}},{"start":{"line":66,"column":34},"end":{"line":66,"column":58}}],"line":66},"10":{"loc":{"start":{"line":85,"column":2},"end":{"line":85,"column":68}},"type":"binary-expr","locations":[{"start":{"line":85,"column":2},"end":{"line":85,"column":14}},{"start":{"line":85,"column":18},"end":{"line":85,"column":68}}],"line":85}},"s":{"0":3,"1":10,"2":340,"3":10,"4":10,"5":3,"6":12,"7":12,"8":0,"9":0,"10":0,"11":0,"12":0,"13":0,"14":0,"15":0,"16":0,"17":3,"18":0,"19":0,"20":0,"21":0,"22":0,"23":0,"24":0,"25":0,"26":0,"27":0,"28":0,"29":0,"30":0,"31":3,"32":0,"33":0,"34":0,"35":0,"36":0,"37":3,"38":0,"39":0,"40":0,"41":0,"42":0},"f":{"0":10,"1":340,"2":12,"3":0,"4":0,"5":0},"b":{"0":[12,0],"1":[0,0],"2":[0,0],"3":[0,0],"4":[0,0],"5":[0,0],"6":[0,0],"7":[0,0],"8":[0,0],"9":[0,0],"10":[0,0]},"_coverageSchema":"1a1c01bbd47fc00a2c39e90264f33305004495a9","hash":"72e0af8086b34980b39671ebee5e6c952ba93ace"}
,"/Users/karenhakobyan/Desktop/meet/src/mock-data.js": {"path":"/Users/karenhakobyan/Desktop/meet/src/mock-data.js","statementMap":{"0":{"start":{"line":1,"column":24},"end":{"line":1327,"column":5}}},"fnMap":{},"branchMap":{},"s":{"0":4},"f":{},"b":{},"_coverageSchema":"1a1c01bbd47fc00a2c39e90264f33305004495a9","hash":"c8a264e974432d17b8888ffc444667e91fbb68f9"}
,"/Users/karenhakobyan/Desktop/meet/src/components/CitySearch.js": {"path":"/Users/karenhakobyan/Desktop/meet/src/components/CitySearch.js","statementMap":{"0":{"start":{"line":3,"column":19},"end":{"line":49,"column":1}},"1":{"start":{"line":4,"column":48},"end":{"line":4,"column":63}},"2":{"start":{"line":5,"column":28},"end":{"line":5,"column":40}},"3":{"start":{"line":6,"column":40},"end":{"line":6,"column":52}},"4":{"start":{"line":7,"column":29},"end":{"line":15,"column":3}},"5":{"start":{"line":8,"column":18},"end":{"line":8,"column":36}},"6":{"start":{"line":9,"column":30},"end":{"line":11,"column":11}},"7":{"start":{"line":10,"column":6},"end":{"line":10,"column":70}},"8":{"start":{"line":13,"column":4},"end":{"line":13,"column":20}},"9":{"start":{"line":14,"column":4},"end":{"line":14,"column":38}},"10":{"start":{"line":16,"column":29},"end":{"line":21,"column":3}},"11":{"start":{"line":17,"column":18},"end":{"line":17,"column":42}},"12":{"start":{"line":18,"column":4},"end":{"line":18,"column":20}},"13":{"start":{"line":19,"column":4},"end":{"line":19,"column":30}},"14":{"start":{"line":20,"column":4},"end":{"line":20,"column":26}},"15":{"start":{"line":22,"column":3},"end":{"line":24,"column":26}},"16":{"start":{"line":23,"column":4},"end":{"line":23,"column":33}},"17":{"start":{"line":26,"column":2},"end":{"line":48,"column":2}},"18":{"start":{"line":33,"column":23},"end":{"line":33,"column":47}},"19":{"start":{"line":39,"column":12},"end":{"line":39,"column":85}}},"fnMap":{"0":{"name":"(anonymous_0)","decl":{"start":{"line":3,"column":19},"end":{"line":3,"column":20}},"loc":{"start":{"line":3,"column":57},"end":{"line":49,"column":1}},"line":3},"1":{"name":"(anonymous_1)","decl":{"start":{"line":7,"column":29},"end":{"line":7,"column":30}},"loc":{"start":{"line":7,"column":40},"end":{"line":15,"column":3}},"line":7},"2":{"name":"(anonymous_2)","decl":{"start":{"line":9,"column":65},"end":{"line":9,"column":66}},"loc":{"start":{"line":9,"column":79},"end":{"line":11,"column":5}},"line":9},"3":{"name":"(anonymous_3)","decl":{"start":{"line":16,"column":29},"end":{"line":16,"column":30}},"loc":{"start":{"line":16,"column":40},"end":{"line":21,"column":3}},"line":16},"4":{"name":"(anonymous_4)","decl":{"start":{"line":22,"column":13},"end":{"line":22,"column":14}},"loc":{"start":{"line":22,"column":19},"end":{"line":24,"column":3}},"line":22},"5":{"name":"(anonymous_5)","decl":{"start":{"line":33,"column":17},"end":{"line":33,"column":18}},"loc":{"start":{"line":33,"column":23},"end":{"line":33,"column":47}},"line":33},"6":{"name":"(anonymous_6)","decl":{"start":{"line":38,"column":27},"end":{"line":38,"column":28}},"loc":{"start":{"line":38,"column":43},"end":{"line":40,"column":11}},"line":38}},"branchMap":{"0":{"loc":{"start":{"line":9,"column":30},"end":{"line":11,"column":11}},"type":"cond-expr","locations":[{"start":{"line":9,"column":45},"end":{"line":11,"column":6}},{"start":{"line":11,"column":9},"end":{"line":11,"column":11}}],"line":9},"1":{"loc":{"start":{"line":36,"column":7},"end":{"line":45,"column":14}},"type":"cond-expr","locations":[{"start":{"line":37,"column":8},"end":{"line":44,"column":13}},{"start":{"line":45,"column":10},"end":{"line":45,"column":14}}],"line":36}},"s":{"0":3,"1":57,"2":57,"3":57,"4":57,"5":18,"6":18,"7":36,"8":18,"9":18,"10":57,"11":2,"12":2,"13":2,"14":2,"15":57,"16":16,"17":57,"18":5,"19":26},"f":{"0":57,"1":18,"2":36,"3":2,"4":16,"5":5,"6":26},"b":{"0":[18,0],"1":[25,32]},"_coverageSchema":"1a1c01bbd47fc00a2c39e90264f33305004495a9","hash":"96075e1a46ea5fc7ec7121dfe0b53d2e84739370"}
,"/Users/karenhakobyan/Desktop/meet/src/components/Event.js": {"path":"/Users/karenhakobyan/Desktop/meet/src/components/Event.js","statementMap":{"0":{"start":{"line":4,"column":14},"end":{"line":26,"column":1}},"1":{"start":{"line":5,"column":32},"end":{"line":5,"column":47}},"2":{"start":{"line":6,"column":25},"end":{"line":8,"column":3}},"3":{"start":{"line":7,"column":4},"end":{"line":7,"column":25}},"4":{"start":{"line":10,"column":2},"end":{"line":25,"column":4}}},"fnMap":{"0":{"name":"(anonymous_0)","decl":{"start":{"line":4,"column":14},"end":{"line":4,"column":15}},"loc":{"start":{"line":4,"column":20},"end":{"line":26,"column":1}},"line":4},"1":{"name":"(anonymous_1)","decl":{"start":{"line":6,"column":25},"end":{"line":6,"column":26}},"loc":{"start":{"line":6,"column":31},"end":{"line":8,"column":3}},"line":6}},"branchMap":{"0":{"loc":{"start":{"line":17,"column":15},"end":{"line":17,"column":57}},"type":"cond-expr","locations":[{"start":{"line":17,"column":26},"end":{"line":17,"column":40}},{"start":{"line":17,"column":43},"end":{"line":17,"column":57}}],"line":17},"1":{"loc":{"start":{"line":20,"column":9},"end":{"line":23,"column":21}},"type":"cond-expr","locations":[{"start":{"line":21,"column":8},"end":{"line":23,"column":14}},{"start":{"line":23,"column":17},"end":{"line":23,"column":21}}],"line":20}},"s":{"0":4,"1":192,"2":191,"3":4,"4":191},"f":{"0":192,"1":4},"b":{"0":[188,3],"1":[3,188]},"_coverageSchema":"1a1c01bbd47fc00a2c39e90264f33305004495a9","hash":"b5f12c7b3d20fddefd1f1fa8fdecb820a65a5e89"}
,"/Users/karenhakobyan/Desktop/meet/src/components/EventList.js": {"path":"/Users/karenhakobyan/Desktop/meet/src/components/EventList.js","statementMap":{"0":{"start":{"line":3,"column":18},"end":{"line":10,"column":1}},"1":{"start":{"line":4,"column":2},"end":{"line":9,"column":4}},"2":{"start":{"line":6,"column":36},"end":{"line":7,"column":10}}},"fnMap":{"0":{"name":"(anonymous_0)","decl":{"start":{"line":3,"column":18},"end":{"line":3,"column":19}},"loc":{"start":{"line":3,"column":34},"end":{"line":10,"column":1}},"line":3},"1":{"name":"(anonymous_1)","decl":{"start":{"line":6,"column":27},"end":{"line":6,"column":28}},"loc":{"start":{"line":6,"column":36},"end":{"line":7,"column":10}},"line":6}},"branchMap":{"0":{"loc":{"start":{"line":6,"column":9},"end":{"line":7,"column":17}},"type":"cond-expr","locations":[{"start":{"line":6,"column":16},"end":{"line":7,"column":11}},{"start":{"line":7,"column":13},"end":{"line":7,"column":17}}],"line":6}},"s":{"0":3,"1":14,"2":179},"f":{"0":14,"1":179},"b":{"0":[12,2]},"_coverageSchema":"1a1c01bbd47fc00a2c39e90264f33305004495a9","hash":"75a7de80312733769f7f747188e1707782cc62c8"}
}
