TN:
SF:src/App.js
FN:9,(anonymous_0)
FN:15,(anonymous_1)
FN:19,(anonymous_2)
FN:23,(anonymous_3)
FNF:4
FNH:4
FNDA:13,(anonymous_0)
FNDA:7,(anonymous_1)
FNDA:7,(anonymous_2)
FNDA:34,(anonymous_3)
DA:9,3
DA:10,13
DA:11,11
DA:12,11
DA:13,11
DA:15,11
DA:16,7
DA:19,11
DA:20,7
DA:21,7
DA:23,34
DA:24,7
DA:25,7
DA:28,11
LF:14
LH:14
BRDA:21,0,0,6
BRDA:21,0,1,1
BRF:2
BRH:2
end_of_record
TN:
SF:src/api.js
FN:13,(anonymous_0)
FN:14,(anonymous_1)
FN:23,(anonymous_2)
FN:41,(anonymous_3)
FN:64,(anonymous_4)
FN:79,(anonymous_5)
FNF:6
FNH:3
FNDA:10,(anonymous_0)
FNDA:340,(anonymous_1)
FNDA:12,(anonymous_2)
FNDA:0,(anonymous_3)
FNDA:0,(anonymous_4)
FNDA:0,(anonymous_5)
DA:13,3
DA:14,340
DA:15,10
DA:16,10
DA:23,3
DA:24,12
DA:25,12
DA:28,0
DA:30,0
DA:31,0
DA:32,0
DA:33,0
DA:34,0
DA:35,0
DA:36,0
DA:37,0
DA:41,3
DA:42,0
DA:43,0
DA:46,0
DA:47,0
DA:48,0
DA:49,0
DA:50,0
DA:51,0
DA:54,0
DA:55,0
DA:56,0
DA:58,0
DA:60,0
DA:64,3
DA:66,0
DA:67,0
DA:72,0
DA:74,0
DA:75,0
DA:79,3
DA:80,0
DA:81,0
DA:84,0
DA:85,0
DA:87,0
LF:42
LH:10
BRDA:24,0,0,12
BRDA:24,0,1,0
BRDA:30,1,0,0
BRDA:30,1,1,0
BRDA:35,2,0,0
BRDA:35,2,1,0
BRDA:43,3,0,0
BRDA:43,3,1,0
BRDA:46,4,0,0
BRDA:46,4,1,0
BRDA:46,5,0,0
BRDA:46,5,1,0
BRDA:50,6,0,0
BRDA:50,6,1,0
BRDA:58,7,0,0
BRDA:58,7,1,0
BRDA:66,8,0,0
BRDA:66,8,1,0
BRDA:66,9,0,0
BRDA:66,9,1,0
BRDA:85,10,0,0
BRDA:85,10,1,0
BRF:22
BRH:1
end_of_record
TN:
SF:src/mock-data.js
FNF:0
FNH:0
DA:1,4
LF:1
LH:1
BRF:0
BRH:0
end_of_record
TN:
SF:src/components/CitySearch.js
FN:3,(anonymous_0)
FN:7,(anonymous_1)
FN:9,(anonymous_2)
FN:16,(anonymous_3)
FN:22,(anonymous_4)
FN:33,(anonymous_5)
FN:38,(anonymous_6)
FNF:7
FNH:7
FNDA:57,(anonymous_0)
FNDA:18,(anonymous_1)
FNDA:36,(anonymous_2)
FNDA:2,(anonymous_3)
FNDA:16,(anonymous_4)
FNDA:5,(anonymous_5)
FNDA:26,(anonymous_6)
DA:3,3
DA:4,57
DA:5,57
DA:6,57
DA:7,57
DA:8,18
DA:9,18
DA:10,36
DA:13,18
DA:14,18
DA:16,57
DA:17,2
DA:18,2
DA:19,2
DA:20,2
DA:22,57
DA:23,16
DA:26,57
DA:33,5
DA:39,26
LF:20
LH:20
BRDA:9,0,0,18
BRDA:9,0,1,0
BRDA:36,1,0,25
BRDA:36,1,1,32
BRF:4
BRH:3
end_of_record
TN:
SF:src/components/Event.js
FN:4,(anonymous_0)
FN:6,(anonymous_1)
FNF:2
FNH:2
FNDA:192,(anonymous_0)
FNDA:4,(anonymous_1)
DA:4,4
DA:5,192
DA:6,191
DA:7,4
DA:10,191
LF:5
LH:5
BRDA:17,0,0,188
BRDA:17,0,1,3
BRDA:20,1,0,3
BRDA:20,1,1,188
BRF:4
BRH:4
end_of_record
TN:
SF:src/components/EventList.js
FN:3,(anonymous_0)
FN:6,(anonymous_1)
FNF:2
FNH:2
FNDA:14,(anonymous_0)
FNDA:179,(anonymous_1)
DA:3,3
DA:4,14
DA:6,179
LF:3
LH:3
BRDA:6,0,0,12
BRDA:6,0,1,2
BRF:2
BRH:2
end_of_record
